{
  "RSpec": {
    "coverage": {
      "/Users/timothycole/OneDrive/Makers/Month_4/tech_tests/GildedRose-Refactoring-Kata/ruby/spec/feature_tests_spec.rb": [
        null,
        null,
        1,
        null,
        1,
        1,
        1,
        1,
        1,
        1,
        1,
        null,
        null,
        1,
        1,
        1,
        1,
        4,
        null,
        1,
        null,
        null,
        1,
        1,
        1,
        1,
        4,
        null,
        1,
        null,
        null,
        null,
        1,
        1,
        1,
        1,
        1,
        3,
        null,
        1,
        null,
        null,
        1,
        1,
        1,
        1,
        10,
        null,
        1,
        null,
        null,
        null,
        1,
        1,
        1,
        1,
        1,
        10,
        null,
        1,
        null,
        null,
        null,
        1,
        1,
        1,
        1,
        1,
        4,
        null,
        1,
        null,
        null,
        1,
        1,
        1,
        1,
        8,
        null,
        1,
        null,
        null,
        1,
        1,
        1,
        1,
        13,
        null,
        1,
        null,
        null,
        null,
        1,
        1,
        1,
        null,
        1,
        null,
        null,
        null,
        null,
        null,
        null,
        null,
        null,
        null,
        null,
        1,
        1,
        2,
        null,
        1,
        null,
        null,
        null,
        null,
        null
      ],
      "/Users/timothycole/OneDrive/Makers/Month_4/tech_tests/GildedRose-Refactoring-Kata/ruby/lib/gilded_rose.rb": [
        null,
        null,
        1,
        null,
        1,
        1,
        null,
        1,
        12,
        null,
        null,
        1,
        60,
        78,
        78,
        null,
        null,
        null
      ],
      "/Users/timothycole/OneDrive/Makers/Month_4/tech_tests/GildedRose-Refactoring-Kata/ruby/lib/item.rb": [
        null,
        null,
        1,
        1,
        null,
        1,
        38,
        38,
        38,
        null,
        null,
        1,
        1,
        null,
        null,
        null,
        1,
        1,
        17,
        17,
        null,
        null,
        1,
        16,
        null,
        null,
        null,
        1,
        1,
        null,
        null,
        null,
        1,
        null,
        null,
        null,
        null,
        1,
        1,
        36,
        2,
        34,
        10,
        24,
        15,
        null,
        9,
        null,
        36,
        null,
        null,
        1,
        32,
        null,
        null,
        null,
        1,
        1,
        4,
        4,
        4,
        null,
        null,
        null,
        1,
        3,
        null,
        null,
        null,
        1,
        1,
        17,
        17,
        17,
        null,
        null,
        null,
        1,
        16,
        null,
        null
      ],
      "/Users/timothycole/OneDrive/Makers/Month_4/tech_tests/GildedRose-Refactoring-Kata/ruby/spec/gilded_rose_spec.rb": [
        null,
        null,
        1,
        null,
        1,
        1,
        1,
        1,
        null,
        null,
        1,
        1,
        1,
        1,
        1,
        1,
        1,
        2,
        null,
        null,
        null
      ],
      "/Users/timothycole/OneDrive/Makers/Month_4/tech_tests/GildedRose-Refactoring-Kata/ruby/spec/item_spec.rb": [
        null,
        null,
        1,
        null,
        1,
        1,
        1,
        1,
        1,
        1,
        1,
        null,
        null,
        null,
        1,
        1,
        1,
        1,
        null,
        null,
        null,
        null,
        1,
        1,
        1,
        1,
        1,
        1,
        null,
        null,
        1,
        1,
        1,
        1,
        null,
        null,
        null,
        1,
        1,
        1,
        1,
        1,
        null,
        null,
        null,
        null,
        1,
        1,
        1,
        1,
        1,
        1,
        null,
        null,
        null,
        1,
        1,
        1,
        1,
        1,
        null,
        null,
        null,
        null,
        1,
        1,
        1,
        1,
        1,
        1,
        null,
        null,
        1,
        1,
        1,
        1,
        null,
        null,
        1,
        1,
        1,
        1,
        null,
        null,
        1,
        1,
        1,
        1,
        null,
        null,
        1,
        1,
        1,
        1,
        null,
        null,
        null,
        1,
        1,
        1,
        1,
        1,
        null,
        null,
        null,
        null,
        1,
        1,
        1,
        1,
        1,
        1,
        null,
        null,
        1,
        1,
        1,
        1,
        null,
        null,
        null,
        1,
        1,
        1,
        1,
        1,
        null,
        null,
        null,
        null,
        1,
        1,
        1,
        1,
        1,
        1,
        null,
        null,
        1,
        1,
        1,
        1,
        null,
        null,
        null,
        1,
        1,
        1,
        1,
        1,
        null,
        null,
        null
      ]
    },
    "timestamp": 1567108199
  }
}
