{
  "RSpec": {
    "coverage": {
      "/Users/timothycole/OneDrive/Makers/Month_4/tech_tests/GildedRose-Refactoring-Kata/ruby/spec/feature_tests_spec.rb": [
        null,
        1,
        null,
        1,
        null,
        null,
        1,
        null,
        null,
        null,
        null,
        null,
        null,
        null,
        null,
        null,
        null,
        null,
        null,
        1,
        1,
        1,
        1,
        1,
        1,
        1,
        1,
        1,
        1,
        null,
        1,
        0,
        null,
        null,
        null,
        null
      ],
      "/Users/timothycole/OneDrive/Makers/Month_4/tech_tests/GildedRose-Refactoring-Kata/ruby/lib/gilded_rose.rb": [
        1,
        null,
        1,
        null,
        1,
        10,
        null,
        null,
        1,
        54,
        63,
        63,
        null,
        null,
        null,
        1,
        63,
        153,
        78,
        64,
        34,
        null,
        null,
        null,
        75,
        52,
        52,
        34,
        24,
        22,
        null,
        null,
        34,
        11,
        10,
        null,
        null,
        null,
        null,
        null,
        153,
        15,
        15,
        14,
        11,
        1,
        null,
        null,
        null,
        1,
        null,
        null,
        0,
        0,
        null,
        null,
        null,
        null,
        null,
        null,
        1,
        63,
        51,
        null,
        null,
        null
      ],
      "/Users/timothycole/OneDrive/Makers/Month_4/tech_tests/GildedRose-Refactoring-Kata/ruby/lib/item.rb": [
        1,
        1,
        null,
        1,
        19,
        19,
        19,
        null,
        null,
        1,
        0,
        null,
        null
      ],
      "/Users/timothycole/OneDrive/Makers/Month_4/tech_tests/GildedRose-Refactoring-Kata/ruby/spec/gilded_rose_spec.rb": [
        1,
        null,
        1,
        null,
        1,
        null,
        1,
        1,
        1,
        1,
        null,
        null,
        1,
        1,
        1,
        1,
        3,
        null,
        1,
        null,
        null,
        1,
        1,
        1,
        1,
        4,
        null,
        1,
        null,
        null,
        1,
        1,
        1,
        1,
        3,
        null,
        1,
        null,
        null,
        1,
        1,
        1,
        1,
        10,
        null,
        1,
        null,
        null,
        1,
        1,
        1,
        1,
        10,
        null,
        1,
        1,
        null,
        null,
        1,
        1,
        1,
        1,
        4,
        null,
        1,
        1,
        null,
        null,
        1,
        1,
        1,
        1,
        7,
        null,
        1,
        0,
        null,
        null,
        1,
        1,
        1,
        1,
        11,
        null,
        1,
        1,
        null,
        null,
        null,
        null,
        null
      ]
    },
    "timestamp": 1567086294
  }
}
